2015-02-15 21:34:13 [127.0.0.1][3][-][error][yii\web\HttpException:403] exception 'yii\web\ForbiddenHttpException' with message 'You are not allowed to perform this action.' in /Users/Fahmy/Sites/arch1/vendor/yiisoft/yii2/filters/AccessControl.php:151
Stack trace:
#0 /Users/Fahmy/Sites/arch1/vendor/yiisoft/yii2/filters/AccessControl.php(134): yii\filters\AccessControl->denyAccess(Object(yii\web\User))
#1 /Users/Fahmy/Sites/arch1/vendor/yiisoft/yii2/base/ActionFilter.php(71): yii\filters\AccessControl->beforeAction(Object(yii\base\InlineAction))
#2 [internal function]: yii\base\ActionFilter->beforeFilter(Object(yii\base\ActionEvent))
#3 /Users/Fahmy/Sites/arch1/vendor/yiisoft/yii2/base/Component.php(538): call_user_func(Array, Object(yii\base\ActionEvent))
#4 /Users/Fahmy/Sites/arch1/vendor/yiisoft/yii2/base/Controller.php(259): yii\base\Component->trigger('beforeAction', Object(yii\base\ActionEvent))
#5 /Users/Fahmy/Sites/arch1/vendor/yiisoft/yii2/web/Controller.php(108): yii\base\Controller->beforeAction(Object(yii\base\InlineAction))
#6 /Users/Fahmy/Sites/arch1/vendor/yiisoft/yii2/base/Controller.php(149): yii\web\Controller->beforeAction(Object(yii\base\InlineAction))
#7 /Users/Fahmy/Sites/arch1/vendor/yiisoft/yii2/base/Module.php(455): yii\base\Controller->runAction('upload', Array)
#8 /Users/Fahmy/Sites/arch1/vendor/yiisoft/yii2/web/Application.php(83): yii\base\Module->runAction('site/upload', Array)
#9 /Users/Fahmy/Sites/arch1/vendor/yiisoft/yii2/base/Application.php(375): yii\web\Application->handleRequest(Object(yii\web\Request))
#10 /Users/Fahmy/Sites/arch1/backend/web/index.php(18): yii\base\Application->run()
#11 {main}
2015-02-15 21:34:13 [127.0.0.1][3][-][info][application] $_COOKIE = [
    '_csrf' => 'd8476cbcc06d022367c7963a8c35f9f8933d075b7f3bcc16316e236f1ee4b8e8s:32:\"x2C0SBg8cZ1YGKlFuoDJrKRBt1-QsgHB\";'
    '_identity' => '3848c9318a0eff59c11f38d3caa6ae001e87bd11cbad2e66278cc3610f5f9195s:46:\"[3,\"YdmiMoyrG9XiiUS0-GQnHqIRD9FCnK7n\",2592000]\";'
    'PHPSESSID' => 'k2f1ps96ccmjap9f9ospoakbf7'
    '_ga' => 'GA1.2.1210239889.1423833193'
    'currency' => 'MYR'
    'language' => 'en'
]

$_SESSION = [
    '__flash' => []
    '__returnUrl' => '/site/upload'
    '__id' => 3
]

$_SERVER = [
    'REDIRECT_STATUS' => '200'
    'HTTP_HOST' => 'mb.bekazon.com'
    'HTTP_ORIGIN' => 'http://mb.bekazon.com'
    'HTTP_COOKIE' => '_csrf=d8476cbcc06d022367c7963a8c35f9f8933d075b7f3bcc16316e236f1ee4b8e8s%3A32%3A%22x2C0SBg8cZ1YGKlFuoDJrKRBt1-QsgHB%22%3B; _identity=3848c9318a0eff59c11f38d3caa6ae001e87bd11cbad2e66278cc3610f5f9195s%3A46%3A%22%5B3%2C%22YdmiMoyrG9XiiUS0-GQnHqIRD9FCnK7n%22%2C2592000%5D%22%3B; PHPSESSID=k2f1ps96ccmjap9f9ospoakbf7; _ga=GA1.2.1210239889.1423833193; currency=MYR; language=en'
    'HTTP_CONNECTION' => 'keep-alive'
    'HTTP_ACCEPT' => 'text/html,application/xhtml+xml,application/xml;q=0.9,*/*;q=0.8'
    'HTTP_USER_AGENT' => 'Mozilla/5.0 (Macintosh; Intel Mac OS X 10_10_1) AppleWebKit/600.2.5 (KHTML, like Gecko) Version/8.0.2 Safari/600.2.5'
    'HTTP_ACCEPT_LANGUAGE' => 'en-us'
    'HTTP_REFERER' => 'http://mb.bekazon.com/site/login'
    'HTTP_ACCEPT_ENCODING' => 'gzip, deflate'
    'PATH' => '/usr/bin:/bin:/usr/sbin:/sbin'
    'SERVER_SIGNATURE' => ''
    'SERVER_SOFTWARE' => 'Apache/2.4.9 (Unix) PHP/5.5.18'
    'SERVER_NAME' => 'mb.bekazon.com'
    'SERVER_ADDR' => '127.0.0.1'
    'SERVER_PORT' => '80'
    'REMOTE_ADDR' => '127.0.0.1'
    'DOCUMENT_ROOT' => '/Users/Fahmy/Sites/arch1/backend/web'
    'REQUEST_SCHEME' => 'http'
    'CONTEXT_PREFIX' => ''
    'CONTEXT_DOCUMENT_ROOT' => '/Users/Fahmy/Sites/arch1/backend/web'
    'SERVER_ADMIN' => 'you@example.com'
    'SCRIPT_FILENAME' => '/Users/Fahmy/Sites/arch1/backend/web/index.php'
    'REMOTE_PORT' => '50822'
    'REDIRECT_URL' => '/site/upload'
    'GATEWAY_INTERFACE' => 'CGI/1.1'
    'SERVER_PROTOCOL' => 'HTTP/1.1'
    'REQUEST_METHOD' => 'GET'
    'QUERY_STRING' => ''
    'REQUEST_URI' => '/site/upload'
    'SCRIPT_NAME' => '/index.php'
    'PHP_SELF' => '/index.php'
    'REQUEST_TIME_FLOAT' => 1424007253.491
    'REQUEST_TIME' => 1424007253
]
2015-02-15 21:35:31 [127.0.0.1][3][k2f1ps96ccmjap9f9ospoakbf7][error][yii\base\ErrorException:1] exception 'yii\base\ErrorException' with message 'Class 'common\models\UploadForm' not found' in /Users/Fahmy/Sites/arch1/backend/controllers/SiteController.php:88
Stack trace:
#0 /Users/Fahmy/Sites/arch1/vendor/yiisoft/yii2/base/InlineAction.php(55): ::call_user_func_array:{/Users/Fahmy/Sites/arch1/vendor/yiisoft/yii2/base/InlineAction.php:55}()
#1 /Users/Fahmy/Sites/arch1/vendor/yiisoft/yii2/base/Controller.php(151): yii\base\InlineAction->runWithParams()
#2 /Users/Fahmy/Sites/arch1/vendor/yiisoft/yii2/base/Module.php(455): yii\base\Controller->runAction()
#3 /Users/Fahmy/Sites/arch1/vendor/yiisoft/yii2/web/Application.php(83): yii\base\Module->runAction()
#4 /Users/Fahmy/Sites/arch1/vendor/yiisoft/yii2/base/Application.php(375): yii\web\Application->handleRequest()
#5 /Users/Fahmy/Sites/arch1/backend/web/index.php(18): yii\base\Application->run()
#6 {main}
2015-02-15 21:35:31 [127.0.0.1][3][k2f1ps96ccmjap9f9ospoakbf7][info][application] $_COOKIE = [
    '_csrf' => 'd8476cbcc06d022367c7963a8c35f9f8933d075b7f3bcc16316e236f1ee4b8e8s:32:\"x2C0SBg8cZ1YGKlFuoDJrKRBt1-QsgHB\";'
    '_identity' => '3848c9318a0eff59c11f38d3caa6ae001e87bd11cbad2e66278cc3610f5f9195s:46:\"[3,\"YdmiMoyrG9XiiUS0-GQnHqIRD9FCnK7n\",2592000]\";'
    'PHPSESSID' => 'k2f1ps96ccmjap9f9ospoakbf7'
    '_ga' => 'GA1.2.1210239889.1423833193'
    'currency' => 'MYR'
    'language' => 'en'
]

$_SESSION = [
    '__flash' => []
    '__returnUrl' => '/site/upload'
    '__id' => 3
]

$_SERVER = [
    'REDIRECT_STATUS' => '200'
    'HTTP_HOST' => 'mb.bekazon.com'
    'HTTP_ORIGIN' => 'http://mb.bekazon.com'
    'HTTP_USER_AGENT' => 'Mozilla/5.0 (Macintosh; Intel Mac OS X 10_10_1) AppleWebKit/600.2.5 (KHTML, like Gecko) Version/8.0.2 Safari/600.2.5'
    'HTTP_COOKIE' => '_csrf=d8476cbcc06d022367c7963a8c35f9f8933d075b7f3bcc16316e236f1ee4b8e8s%3A32%3A%22x2C0SBg8cZ1YGKlFuoDJrKRBt1-QsgHB%22%3B; _identity=3848c9318a0eff59c11f38d3caa6ae001e87bd11cbad2e66278cc3610f5f9195s%3A46%3A%22%5B3%2C%22YdmiMoyrG9XiiUS0-GQnHqIRD9FCnK7n%22%2C2592000%5D%22%3B; PHPSESSID=k2f1ps96ccmjap9f9ospoakbf7; _ga=GA1.2.1210239889.1423833193; currency=MYR; language=en'
    'HTTP_CONNECTION' => 'keep-alive'
    'HTTP_ACCEPT' => 'text/html,application/xhtml+xml,application/xml;q=0.9,*/*;q=0.8'
    'HTTP_ACCEPT_LANGUAGE' => 'en-us'
    'HTTP_REFERER' => 'http://mb.bekazon.com/site/login'
    'HTTP_CACHE_CONTROL' => 'max-age=0'
    'HTTP_ACCEPT_ENCODING' => 'gzip, deflate'
    'PATH' => '/usr/bin:/bin:/usr/sbin:/sbin'
    'SERVER_SIGNATURE' => ''
    'SERVER_SOFTWARE' => 'Apache/2.4.9 (Unix) PHP/5.5.18'
    'SERVER_NAME' => 'mb.bekazon.com'
    'SERVER_ADDR' => '127.0.0.1'
    'SERVER_PORT' => '80'
    'REMOTE_ADDR' => '127.0.0.1'
    'DOCUMENT_ROOT' => '/Users/Fahmy/Sites/arch1/backend/web'
    'REQUEST_SCHEME' => 'http'
    'CONTEXT_PREFIX' => ''
    'CONTEXT_DOCUMENT_ROOT' => '/Users/Fahmy/Sites/arch1/backend/web'
    'SERVER_ADMIN' => 'you@example.com'
    'SCRIPT_FILENAME' => '/Users/Fahmy/Sites/arch1/backend/web/index.php'
    'REMOTE_PORT' => '50830'
    'REDIRECT_URL' => '/site/upload'
    'GATEWAY_INTERFACE' => 'CGI/1.1'
    'SERVER_PROTOCOL' => 'HTTP/1.1'
    'REQUEST_METHOD' => 'GET'
    'QUERY_STRING' => ''
    'REQUEST_URI' => '/site/upload'
    'SCRIPT_NAME' => '/index.php'
    'PHP_SELF' => '/index.php'
    'REQUEST_TIME_FLOAT' => 1424007331.598
    'REQUEST_TIME' => 1424007331
]
2015-02-15 21:37:55 [127.0.0.1][3][-][error][yii\base\UnknownClassException] exception 'yii\base\UnknownClassException' with message 'Unable to find 'common\models\UploadForm' in file: /Users/Fahmy/Sites/arch1/common/models/UploadForm.php. Namespace missing?' in /Users/Fahmy/Sites/arch1/vendor/yiisoft/yii2/BaseYii.php:291
Stack trace:
#0 [internal function]: yii\BaseYii::autoload('common\\models\\U...')
#1 /Users/Fahmy/Sites/arch1/backend/controllers/SiteController.php(88): spl_autoload_call('common\\models\\U...')
#2 [internal function]: backend\controllers\SiteController->actionUpload()
#3 /Users/Fahmy/Sites/arch1/vendor/yiisoft/yii2/base/InlineAction.php(55): call_user_func_array(Array, Array)
#4 /Users/Fahmy/Sites/arch1/vendor/yiisoft/yii2/base/Controller.php(151): yii\base\InlineAction->runWithParams(Array)
#5 /Users/Fahmy/Sites/arch1/vendor/yiisoft/yii2/base/Module.php(455): yii\base\Controller->runAction('upload', Array)
#6 /Users/Fahmy/Sites/arch1/vendor/yiisoft/yii2/web/Application.php(83): yii\base\Module->runAction('site/upload', Array)
#7 /Users/Fahmy/Sites/arch1/vendor/yiisoft/yii2/base/Application.php(375): yii\web\Application->handleRequest(Object(yii\web\Request))
#8 /Users/Fahmy/Sites/arch1/backend/web/index.php(18): yii\base\Application->run()
#9 {main}
2015-02-15 21:37:55 [127.0.0.1][3][-][info][application] $_COOKIE = [
    '_csrf' => 'd8476cbcc06d022367c7963a8c35f9f8933d075b7f3bcc16316e236f1ee4b8e8s:32:\"x2C0SBg8cZ1YGKlFuoDJrKRBt1-QsgHB\";'
    '_identity' => '3848c9318a0eff59c11f38d3caa6ae001e87bd11cbad2e66278cc3610f5f9195s:46:\"[3,\"YdmiMoyrG9XiiUS0-GQnHqIRD9FCnK7n\",2592000]\";'
    'PHPSESSID' => 'k2f1ps96ccmjap9f9ospoakbf7'
    '_ga' => 'GA1.2.1210239889.1423833193'
    'currency' => 'MYR'
    'language' => 'en'
]

$_SESSION = [
    '__flash' => []
    '__returnUrl' => '/site/upload'
    '__id' => 3
]

$_SERVER = [
    'REDIRECT_STATUS' => '200'
    'HTTP_HOST' => 'mb.bekazon.com'
    'HTTP_ORIGIN' => 'http://mb.bekazon.com'
    'HTTP_USER_AGENT' => 'Mozilla/5.0 (Macintosh; Intel Mac OS X 10_10_1) AppleWebKit/600.2.5 (KHTML, like Gecko) Version/8.0.2 Safari/600.2.5'
    'HTTP_COOKIE' => '_csrf=d8476cbcc06d022367c7963a8c35f9f8933d075b7f3bcc16316e236f1ee4b8e8s%3A32%3A%22x2C0SBg8cZ1YGKlFuoDJrKRBt1-QsgHB%22%3B; _identity=3848c9318a0eff59c11f38d3caa6ae001e87bd11cbad2e66278cc3610f5f9195s%3A46%3A%22%5B3%2C%22YdmiMoyrG9XiiUS0-GQnHqIRD9FCnK7n%22%2C2592000%5D%22%3B; PHPSESSID=k2f1ps96ccmjap9f9ospoakbf7; _ga=GA1.2.1210239889.1423833193; currency=MYR; language=en'
    'HTTP_CONNECTION' => 'keep-alive'
    'HTTP_ACCEPT' => 'text/html,application/xhtml+xml,application/xml;q=0.9,*/*;q=0.8'
    'HTTP_ACCEPT_LANGUAGE' => 'en-us'
    'HTTP_REFERER' => 'http://mb.bekazon.com/site/login'
    'HTTP_CACHE_CONTROL' => 'max-age=0'
    'HTTP_ACCEPT_ENCODING' => 'gzip, deflate'
    'PATH' => '/usr/bin:/bin:/usr/sbin:/sbin'
    'SERVER_SIGNATURE' => ''
    'SERVER_SOFTWARE' => 'Apache/2.4.9 (Unix) PHP/5.5.18'
    'SERVER_NAME' => 'mb.bekazon.com'
    'SERVER_ADDR' => '127.0.0.1'
    'SERVER_PORT' => '80'
    'REMOTE_ADDR' => '127.0.0.1'
    'DOCUMENT_ROOT' => '/Users/Fahmy/Sites/arch1/backend/web'
    'REQUEST_SCHEME' => 'http'
    'CONTEXT_PREFIX' => ''
    'CONTEXT_DOCUMENT_ROOT' => '/Users/Fahmy/Sites/arch1/backend/web'
    'SERVER_ADMIN' => 'you@example.com'
    'SCRIPT_FILENAME' => '/Users/Fahmy/Sites/arch1/backend/web/index.php'
    'REMOTE_PORT' => '50834'
    'REDIRECT_URL' => '/site/upload'
    'GATEWAY_INTERFACE' => 'CGI/1.1'
    'SERVER_PROTOCOL' => 'HTTP/1.1'
    'REQUEST_METHOD' => 'GET'
    'QUERY_STRING' => ''
    'REQUEST_URI' => '/site/upload'
    'SCRIPT_NAME' => '/index.php'
    'PHP_SELF' => '/index.php'
    'REQUEST_TIME_FLOAT' => 1424007475.474
    'REQUEST_TIME' => 1424007475
]
2015-02-15 21:47:26 [127.0.0.1][3][-][error][yii\base\ErrorException:256] exception 'yii\base\ErrorException' with message 'Exception (Unknown Property) 'yii\base\UnknownPropertyException' with message 'Setting unknown property: yii\validators\FileValidator::skinOnEmpty' 

in /Users/Fahmy/Sites/arch1/vendor/yiisoft/yii2/base/Component.php:197

Stack trace:
#0 /Users/Fahmy/Sites/arch1/vendor/yiisoft/yii2/BaseYii.php(518): yii\base\Component->__set('skinOnEmpty', false)
#1 /Users/Fahmy/Sites/arch1/vendor/yiisoft/yii2/base/Object.php(105): yii\BaseYii::configure(Object(yii\validators\FileValidator), Array)
#2 [internal function]: yii\base\Object->__construct(Array)
#3 /Users/Fahmy/Sites/arch1/vendor/yiisoft/yii2/di/Container.php(368): ReflectionClass->newInstanceArgs(Array)
#4 /Users/Fahmy/Sites/arch1/vendor/yiisoft/yii2/di/Container.php(147): yii\di\Container->build('yii\\validators\\...', Array, Array)
#5 /Users/Fahmy/Sites/arch1/vendor/yiisoft/yii2/BaseYii.php(344): yii\di\Container->get('yii\\validators\\...', Array, Array)
#6 /Users/Fahmy/Sites/arch1/vendor/yiisoft/yii2/validators/Validator.php(204): yii\BaseYii::createObject(Array)
#7 /Users/Fahmy/Sites/arch1/vendor/yiisoft/yii2/base/Model.php(422): yii\validators\Validator::createValidator('file', Object(common\models\UploadForm), Array, Array)
#8 /Users/Fahmy/Sites/arch1/vendor/yiisoft/yii2/base/Model.php(386): yii\base\Model->createValidators()
#9 /Users/Fahmy/Sites/arch1/vendor/yiisoft/yii2/base/Model.php(184): yii\base\Model->getValidators()
#10 /Users/Fahmy/Sites/arch1/vendor/yiisoft/yii2/base/Model.php(736): yii\base\Model->scenarios()
#11 /Users/Fahmy/Sites/arch1/vendor/yiisoft/yii2/widgets/ActiveField.php(740): yii\base\Model->activeAttributes()
#12 /Users/Fahmy/Sites/arch1/vendor/yiisoft/yii2/widgets/ActiveField.php(210): yii\widgets\ActiveField->getClientOptions()
#13 /Users/Fahmy/Sites/arch1/vendor/yiisoft/yii2/widgets/ActiveField.php(200): yii\widgets\ActiveField->begin()
#14 /Users/Fahmy/Sites/arch1/vendor/yiisoft/yii2/widgets/ActiveField.php(156): yii\widgets\ActiveField->render()
#15 /Users/Fahmy/Sites/arch1/backend/views/site/upload.php(5): yii\widgets\ActiveField->__toString()
#16 /Users/Fahmy/Sites/arch1/vendor/yiisoft/yii2/base/View.php(325): require('/Users/Fahmy/Si...')
#17 /Users/Fahmy/Sites/arch1/vendor/yiisoft/yii2/base/View.php(247): yii\base\View->renderPhpFile('/Users/Fahmy/Si...', Array)
#18 /Users/Fahmy/Sites/arch1/vendor/yiisoft/yii2/base/View.php(149): yii\base\View->renderFile('/Users/Fahmy/Si...', Array, Object(backend\controllers\SiteController))
#19 /Users/Fahmy/Sites/arch1/vendor/yiisoft/yii2/base/Controller.php(367): yii\base\View->render('upload', Array, Object(backend\controllers\SiteController))
#20 /Users/Fahmy/Sites/arch1/backend/controllers/SiteController.php(97): yii\base\Controller->render('upload', Array)
#21 [internal function]: backend\controllers\SiteController->actionUpload()
#22 /Users/Fahmy/Sites/arch1/vendor/yiisoft/yii2/base/InlineAction.php(55): call_user_func_array(Array, Array)
#23 /Users/Fahmy/Sites/arch1/vendor/yiisoft/yii2/base/Controller.php(151): yii\base\InlineAction->runWithParams(Array)
#24 /Users/Fahmy/Sites/arch1/vendor/yiisoft/yii2/base/Module.php(455): yii\base\Controller->runAction('upload', Array)
#25 /Users/Fahmy/Sites/arch1/vendor/yiisoft/yii2/web/Application.php(83): yii\base\Module->runAction('site/upload', Array)
#26 /Users/Fahmy/Sites/arch1/vendor/yiisoft/yii2/base/Application.php(375): yii\web\Application->handleRequest(Object(yii\web\Request))
#27 /Users/Fahmy/Sites/arch1/backend/web/index.php(18): yii\base\Application->run()
#28 {main}' in /Users/Fahmy/Sites/arch1/vendor/yiisoft/yii2/base/ErrorHandler.php:233
Stack trace:
#0 /Users/Fahmy/Sites/arch1/vendor/yiisoft/yii2/widgets/ActiveField.php(158): yii\base\ErrorHandler::convertExceptionToError()
#1 /Users/Fahmy/Sites/arch1/vendor/yiisoft/yii2/base/View.php(5): yii\widgets\ActiveField->__toString()
#2 /Users/Fahmy/Sites/arch1/vendor/yiisoft/yii2/base/View.php(325): ::unknown()
#3 /Users/Fahmy/Sites/arch1/vendor/yiisoft/yii2/base/View.php(247): yii\base\View->renderPhpFile()
#4 /Users/Fahmy/Sites/arch1/vendor/yiisoft/yii2/base/View.php(149): yii\base\View->renderFile()
#5 /Users/Fahmy/Sites/arch1/vendor/yiisoft/yii2/base/Controller.php(367): yii\base\View->render()
#6 /Users/Fahmy/Sites/arch1/backend/controllers/SiteController.php(97): yii\base\Controller->render()
#7 /Users/Fahmy/Sites/arch1/vendor/yiisoft/yii2/base/InlineAction.php(55): backend\controllers\SiteController->actionUpload()
#8 /Users/Fahmy/Sites/arch1/vendor/yiisoft/yii2/base/InlineAction.php(55): ::call_user_func_array:{/Users/Fahmy/Sites/arch1/vendor/yiisoft/yii2/base/InlineAction.php:55}()
#9 /Users/Fahmy/Sites/arch1/vendor/yiisoft/yii2/base/Controller.php(151): yii\base\InlineAction->runWithParams()
#10 /Users/Fahmy/Sites/arch1/vendor/yiisoft/yii2/base/Module.php(455): yii\base\Controller->runAction()
#11 /Users/Fahmy/Sites/arch1/vendor/yiisoft/yii2/web/Application.php(83): yii\base\Module->runAction()
#12 /Users/Fahmy/Sites/arch1/vendor/yiisoft/yii2/base/Application.php(375): yii\web\Application->handleRequest()
#13 /Users/Fahmy/Sites/arch1/backend/web/index.php(18): yii\base\Application->run()
#14 {main}
    in /Users/Fahmy/Sites/arch1/backend/views/site/upload.php:5
    in /Users/Fahmy/Sites/arch1/backend/controllers/SiteController.php:97
2015-02-15 21:47:26 [127.0.0.1][3][-][info][application] $_COOKIE = [
    '_csrf' => 'd8476cbcc06d022367c7963a8c35f9f8933d075b7f3bcc16316e236f1ee4b8e8s:32:\"x2C0SBg8cZ1YGKlFuoDJrKRBt1-QsgHB\";'
    '_identity' => '3848c9318a0eff59c11f38d3caa6ae001e87bd11cbad2e66278cc3610f5f9195s:46:\"[3,\"YdmiMoyrG9XiiUS0-GQnHqIRD9FCnK7n\",2592000]\";'
    'PHPSESSID' => 'k2f1ps96ccmjap9f9ospoakbf7'
    '_ga' => 'GA1.2.1210239889.1423833193'
    'currency' => 'MYR'
    'language' => 'en'
]

$_SESSION = [
    '__flash' => []
    '__returnUrl' => '/site/upload'
    '__id' => 3
]

$_SERVER = [
    'REDIRECT_STATUS' => '200'
    'HTTP_HOST' => 'mb.bekazon.com'
    'HTTP_ACCEPT' => 'text/html,application/xhtml+xml,application/xml;q=0.9,*/*;q=0.8'
    'HTTP_CONNECTION' => 'keep-alive'
    'HTTP_COOKIE' => '_csrf=d8476cbcc06d022367c7963a8c35f9f8933d075b7f3bcc16316e236f1ee4b8e8s%3A32%3A%22x2C0SBg8cZ1YGKlFuoDJrKRBt1-QsgHB%22%3B; _identity=3848c9318a0eff59c11f38d3caa6ae001e87bd11cbad2e66278cc3610f5f9195s%3A46%3A%22%5B3%2C%22YdmiMoyrG9XiiUS0-GQnHqIRD9FCnK7n%22%2C2592000%5D%22%3B; PHPSESSID=k2f1ps96ccmjap9f9ospoakbf7; _ga=GA1.2.1210239889.1423833193; currency=MYR; language=en'
    'HTTP_USER_AGENT' => 'Mozilla/5.0 (Macintosh; Intel Mac OS X 10_10_1) AppleWebKit/600.2.5 (KHTML, like Gecko) Version/8.0.2 Safari/600.2.5'
    'HTTP_ACCEPT_LANGUAGE' => 'en-us'
    'HTTP_REFERER' => 'http://mb.bekazon.com/site/index'
    'HTTP_ACCEPT_ENCODING' => 'gzip, deflate'
    'PATH' => '/usr/bin:/bin:/usr/sbin:/sbin'
    'SERVER_SIGNATURE' => ''
    'SERVER_SOFTWARE' => 'Apache/2.4.9 (Unix) PHP/5.5.18'
    'SERVER_NAME' => 'mb.bekazon.com'
    'SERVER_ADDR' => '127.0.0.1'
    'SERVER_PORT' => '80'
    'REMOTE_ADDR' => '127.0.0.1'
    'DOCUMENT_ROOT' => '/Users/Fahmy/Sites/arch1/backend/web'
    'REQUEST_SCHEME' => 'http'
    'CONTEXT_PREFIX' => ''
    'CONTEXT_DOCUMENT_ROOT' => '/Users/Fahmy/Sites/arch1/backend/web'
    'SERVER_ADMIN' => 'you@example.com'
    'SCRIPT_FILENAME' => '/Users/Fahmy/Sites/arch1/backend/web/index.php'
    'REMOTE_PORT' => '50878'
    'REDIRECT_URL' => '/site/upload'
    'GATEWAY_INTERFACE' => 'CGI/1.1'
    'SERVER_PROTOCOL' => 'HTTP/1.1'
    'REQUEST_METHOD' => 'GET'
    'QUERY_STRING' => ''
    'REQUEST_URI' => '/site/upload'
    'SCRIPT_NAME' => '/index.php'
    'PHP_SELF' => '/index.php'
    'REQUEST_TIME_FLOAT' => 1424008046.061
    'REQUEST_TIME' => 1424008046
]
2015-02-15 21:48:30 [127.0.0.1][3][-][error][yii\base\ErrorException:256] exception 'yii\base\ErrorException' with message 'Exception (Unknown Property) 'yii\base\UnknownPropertyException' with message 'Setting unknown property: yii\validators\FileValidator::skinOnEmpty' 

in /Users/Fahmy/Sites/arch1/vendor/yiisoft/yii2/base/Component.php:197

Stack trace:
#0 /Users/Fahmy/Sites/arch1/vendor/yiisoft/yii2/BaseYii.php(518): yii\base\Component->__set('skinOnEmpty', false)
#1 /Users/Fahmy/Sites/arch1/vendor/yiisoft/yii2/base/Object.php(105): yii\BaseYii::configure(Object(yii\validators\FileValidator), Array)
#2 [internal function]: yii\base\Object->__construct(Array)
#3 /Users/Fahmy/Sites/arch1/vendor/yiisoft/yii2/di/Container.php(368): ReflectionClass->newInstanceArgs(Array)
#4 /Users/Fahmy/Sites/arch1/vendor/yiisoft/yii2/di/Container.php(147): yii\di\Container->build('yii\\validators\\...', Array, Array)
#5 /Users/Fahmy/Sites/arch1/vendor/yiisoft/yii2/BaseYii.php(344): yii\di\Container->get('yii\\validators\\...', Array, Array)
#6 /Users/Fahmy/Sites/arch1/vendor/yiisoft/yii2/validators/Validator.php(204): yii\BaseYii::createObject(Array)
#7 /Users/Fahmy/Sites/arch1/vendor/yiisoft/yii2/base/Model.php(422): yii\validators\Validator::createValidator('file', Object(common\models\UploadForm), Array, Array)
#8 /Users/Fahmy/Sites/arch1/vendor/yiisoft/yii2/base/Model.php(386): yii\base\Model->createValidators()
#9 /Users/Fahmy/Sites/arch1/vendor/yiisoft/yii2/base/Model.php(184): yii\base\Model->getValidators()
#10 /Users/Fahmy/Sites/arch1/vendor/yiisoft/yii2/base/Model.php(736): yii\base\Model->scenarios()
#11 /Users/Fahmy/Sites/arch1/vendor/yiisoft/yii2/widgets/ActiveField.php(740): yii\base\Model->activeAttributes()
#12 /Users/Fahmy/Sites/arch1/vendor/yiisoft/yii2/widgets/ActiveField.php(210): yii\widgets\ActiveField->getClientOptions()
#13 /Users/Fahmy/Sites/arch1/vendor/yiisoft/yii2/widgets/ActiveField.php(200): yii\widgets\ActiveField->begin()
#14 /Users/Fahmy/Sites/arch1/vendor/yiisoft/yii2/widgets/ActiveField.php(156): yii\widgets\ActiveField->render()
#15 /Users/Fahmy/Sites/arch1/backend/views/site/upload.php(5): yii\widgets\ActiveField->__toString()
#16 /Users/Fahmy/Sites/arch1/vendor/yiisoft/yii2/base/View.php(325): require('/Users/Fahmy/Si...')
#17 /Users/Fahmy/Sites/arch1/vendor/yiisoft/yii2/base/View.php(247): yii\base\View->renderPhpFile('/Users/Fahmy/Si...', Array)
#18 /Users/Fahmy/Sites/arch1/vendor/yiisoft/yii2/base/View.php(149): yii\base\View->renderFile('/Users/Fahmy/Si...', Array, Object(backend\controllers\SiteController))
#19 /Users/Fahmy/Sites/arch1/vendor/yiisoft/yii2/base/Controller.php(367): yii\base\View->render('upload', Array, Object(backend\controllers\SiteController))
#20 /Users/Fahmy/Sites/arch1/backend/controllers/SiteController.php(97): yii\base\Controller->render('upload', Array)
#21 [internal function]: backend\controllers\SiteController->actionUpload()
#22 /Users/Fahmy/Sites/arch1/vendor/yiisoft/yii2/base/InlineAction.php(55): call_user_func_array(Array, Array)
#23 /Users/Fahmy/Sites/arch1/vendor/yiisoft/yii2/base/Controller.php(151): yii\base\InlineAction->runWithParams(Array)
#24 /Users/Fahmy/Sites/arch1/vendor/yiisoft/yii2/base/Module.php(455): yii\base\Controller->runAction('upload', Array)
#25 /Users/Fahmy/Sites/arch1/vendor/yiisoft/yii2/web/Application.php(83): yii\base\Module->runAction('site/upload', Array)
#26 /Users/Fahmy/Sites/arch1/vendor/yiisoft/yii2/base/Application.php(375): yii\web\Application->handleRequest(Object(yii\web\Request))
#27 /Users/Fahmy/Sites/arch1/backend/web/index.php(18): yii\base\Application->run()
#28 {main}' in /Users/Fahmy/Sites/arch1/vendor/yiisoft/yii2/base/ErrorHandler.php:233
Stack trace:
#0 /Users/Fahmy/Sites/arch1/vendor/yiisoft/yii2/widgets/ActiveField.php(158): yii\base\ErrorHandler::convertExceptionToError()
#1 /Users/Fahmy/Sites/arch1/vendor/yiisoft/yii2/base/View.php(5): yii\widgets\ActiveField->__toString()
#2 /Users/Fahmy/Sites/arch1/vendor/yiisoft/yii2/base/View.php(325): ::unknown()
#3 /Users/Fahmy/Sites/arch1/vendor/yiisoft/yii2/base/View.php(247): yii\base\View->renderPhpFile()
#4 /Users/Fahmy/Sites/arch1/vendor/yiisoft/yii2/base/View.php(149): yii\base\View->renderFile()
#5 /Users/Fahmy/Sites/arch1/vendor/yiisoft/yii2/base/Controller.php(367): yii\base\View->render()
#6 /Users/Fahmy/Sites/arch1/backend/controllers/SiteController.php(97): yii\base\Controller->render()
#7 /Users/Fahmy/Sites/arch1/vendor/yiisoft/yii2/base/InlineAction.php(55): backend\controllers\SiteController->actionUpload()
#8 /Users/Fahmy/Sites/arch1/vendor/yiisoft/yii2/base/InlineAction.php(55): ::call_user_func_array:{/Users/Fahmy/Sites/arch1/vendor/yiisoft/yii2/base/InlineAction.php:55}()
#9 /Users/Fahmy/Sites/arch1/vendor/yiisoft/yii2/base/Controller.php(151): yii\base\InlineAction->runWithParams()
#10 /Users/Fahmy/Sites/arch1/vendor/yiisoft/yii2/base/Module.php(455): yii\base\Controller->runAction()
#11 /Users/Fahmy/Sites/arch1/vendor/yiisoft/yii2/web/Application.php(83): yii\base\Module->runAction()
#12 /Users/Fahmy/Sites/arch1/vendor/yiisoft/yii2/base/Application.php(375): yii\web\Application->handleRequest()
#13 /Users/Fahmy/Sites/arch1/backend/web/index.php(18): yii\base\Application->run()
#14 {main}
    in /Users/Fahmy/Sites/arch1/backend/views/site/upload.php:5
    in /Users/Fahmy/Sites/arch1/backend/controllers/SiteController.php:97
2015-02-15 21:48:29 [127.0.0.1][3][-][info][application] $_COOKIE = [
    '_csrf' => 'd8476cbcc06d022367c7963a8c35f9f8933d075b7f3bcc16316e236f1ee4b8e8s:32:\"x2C0SBg8cZ1YGKlFuoDJrKRBt1-QsgHB\";'
    '_identity' => '3848c9318a0eff59c11f38d3caa6ae001e87bd11cbad2e66278cc3610f5f9195s:46:\"[3,\"YdmiMoyrG9XiiUS0-GQnHqIRD9FCnK7n\",2592000]\";'
    'PHPSESSID' => 'f4ih2svse647o8ur07kim00hv6'
    '_ga' => 'GA1.2.1210239889.1423833193'
    'currency' => 'MYR'
    'language' => 'en'
]

$_SESSION = [
    '__flash' => []
    '__returnUrl' => '/'
    '__id' => 3
]

$_SERVER = [
    'REDIRECT_STATUS' => '200'
    'HTTP_HOST' => 'mb.bekazon.com'
    'HTTP_ACCEPT' => 'text/html,application/xhtml+xml,application/xml;q=0.9,*/*;q=0.8'
    'HTTP_CONNECTION' => 'keep-alive'
    'HTTP_COOKIE' => '_csrf=d8476cbcc06d022367c7963a8c35f9f8933d075b7f3bcc16316e236f1ee4b8e8s%3A32%3A%22x2C0SBg8cZ1YGKlFuoDJrKRBt1-QsgHB%22%3B; _identity=3848c9318a0eff59c11f38d3caa6ae001e87bd11cbad2e66278cc3610f5f9195s%3A46%3A%22%5B3%2C%22YdmiMoyrG9XiiUS0-GQnHqIRD9FCnK7n%22%2C2592000%5D%22%3B; PHPSESSID=f4ih2svse647o8ur07kim00hv6; _ga=GA1.2.1210239889.1423833193; currency=MYR; language=en'
    'HTTP_USER_AGENT' => 'Mozilla/5.0 (Macintosh; Intel Mac OS X 10_10_1) AppleWebKit/600.2.5 (KHTML, like Gecko) Version/8.0.2 Safari/600.2.5'
    'HTTP_ACCEPT_LANGUAGE' => 'en-us'
    'HTTP_REFERER' => 'http://mb.bekazon.com/'
    'HTTP_ACCEPT_ENCODING' => 'gzip, deflate'
    'PATH' => '/usr/bin:/bin:/usr/sbin:/sbin'
    'SERVER_SIGNATURE' => ''
    'SERVER_SOFTWARE' => 'Apache/2.4.9 (Unix) PHP/5.5.18'
    'SERVER_NAME' => 'mb.bekazon.com'
    'SERVER_ADDR' => '127.0.0.1'
    'SERVER_PORT' => '80'
    'REMOTE_ADDR' => '127.0.0.1'
    'DOCUMENT_ROOT' => '/Users/Fahmy/Sites/arch1/backend/web'
    'REQUEST_SCHEME' => 'http'
    'CONTEXT_PREFIX' => ''
    'CONTEXT_DOCUMENT_ROOT' => '/Users/Fahmy/Sites/arch1/backend/web'
    'SERVER_ADMIN' => 'you@example.com'
    'SCRIPT_FILENAME' => '/Users/Fahmy/Sites/arch1/backend/web/index.php'
    'REMOTE_PORT' => '50887'
    'REDIRECT_URL' => '/site/upload'
    'GATEWAY_INTERFACE' => 'CGI/1.1'
    'SERVER_PROTOCOL' => 'HTTP/1.1'
    'REQUEST_METHOD' => 'GET'
    'QUERY_STRING' => ''
    'REQUEST_URI' => '/site/upload'
    'SCRIPT_NAME' => '/index.php'
    'PHP_SELF' => '/index.php'
    'REQUEST_TIME_FLOAT' => 1424008109.944
    'REQUEST_TIME' => 1424008109
]
2015-02-20 23:54:57 [127.0.0.1][-][-][error][yii\base\ErrorException:4] exception 'yii\base\ErrorException' with message 'syntax error, unexpected '-', expecting ',' or ';'' in /Users/Fahmy/Sites/arch1/common/models/Category.php:7
Stack trace:
#0 /Users/Fahmy/Sites/arch1/vendor/yiisoft/yii2-gii/Generator.php(351): ::spl_autoload_call()
#1 /Users/Fahmy/Sites/arch1/vendor/yiisoft/yii2-gii/Generator.php(351): ::class_exists()
#2 /Users/Fahmy/Sites/arch1/vendor/yiisoft/yii2/validators/InlineValidator.php(67): yii\gii\Generator->validateClass()
#3 /Users/Fahmy/Sites/arch1/vendor/yiisoft/yii2/validators/InlineValidator.php(67): ::call_user_func:{/Users/Fahmy/Sites/arch1/vendor/yiisoft/yii2/validators/InlineValidator.php:67}()
#4 /Users/Fahmy/Sites/arch1/vendor/yiisoft/yii2/validators/Validator.php(238): yii\validators\InlineValidator->validateAttribute()
#5 /Users/Fahmy/Sites/arch1/vendor/yiisoft/yii2/base/Model.php(333): yii\validators\Validator->validateAttributes()
#6 /Users/Fahmy/Sites/arch1/vendor/yiisoft/yii2-gii/controllers/DefaultController.php(43): yii\base\Model->validate()
#7 /Users/Fahmy/Sites/arch1/vendor/yiisoft/yii2/base/InlineAction.php(55): yii\gii\controllers\DefaultController->actionView()
#8 /Users/Fahmy/Sites/arch1/vendor/yiisoft/yii2/base/InlineAction.php(55): ::call_user_func_array:{/Users/Fahmy/Sites/arch1/vendor/yiisoft/yii2/base/InlineAction.php:55}()
#9 /Users/Fahmy/Sites/arch1/vendor/yiisoft/yii2/base/Controller.php(151): yii\base\InlineAction->runWithParams()
#10 /Users/Fahmy/Sites/arch1/vendor/yiisoft/yii2/base/Module.php(455): yii\base\Controller->runAction()
#11 /Users/Fahmy/Sites/arch1/vendor/yiisoft/yii2/web/Application.php(83): yii\base\Module->runAction()
#12 /Users/Fahmy/Sites/arch1/vendor/yiisoft/yii2/base/Application.php(375): yii\web\Application->handleRequest()
#13 /Users/Fahmy/Sites/arch1/backend/web/index.php(18): yii\base\Application->run()
#14 {main}
2015-02-20 23:54:57 [127.0.0.1][-][-][info][application] $_GET = [
    'id' => 'crud'
]

$_POST = [
    '_csrf' => 'VjBKaWhiQzEJUzIoOCkRHAYFLzM/JgVIJQE5UCYvd3QEchMqOQkCYw=='
    'Generator' => [
        'modelClass' => 'common\\models\\Category'
        'searchModelClass' => 'common\\models\\CategorySearch'
        'controllerClass' => 'backend\\controllers\\CategoryController'
        'viewPath' => '/Users/Fahmy/Sites/arch1/backend/views/category'
        'baseControllerClass' => 'yii\\web\\Controller'
        'indexWidgetType' => 'grid'
        'enableI18N' => '1'
        'messageCategory' => 'app'
        'template' => 'default'
    ]
    'preview' => ''
]

$_COOKIE = [
    '_csrf' => 'd5039cb712b12373db85dffe9d6496607af0779f98e0bf2f7567800fb19eaf47s:32:\"_cxAPKR-P5eZWDFys1s9NM4ERBYCQkAR\";'
    'PHPSESSID' => 'g69gpbqvamqlbspso5dpanvqj0'
    '_ga' => 'GA1.2.1210239889.1423833193'
    'currency' => 'MYR'
    'language' => 'en'
]

$_SERVER = [
    'REDIRECT_STATUS' => '200'
    'HTTP_HOST' => 'mb.bekazon.com'
    'CONTENT_TYPE' => 'application/x-www-form-urlencoded'
    'HTTP_ORIGIN' => 'http://mb.bekazon.com'
    'HTTP_COOKIE' => '_csrf=d5039cb712b12373db85dffe9d6496607af0779f98e0bf2f7567800fb19eaf47s%3A32%3A%22_cxAPKR-P5eZWDFys1s9NM4ERBYCQkAR%22%3B; PHPSESSID=g69gpbqvamqlbspso5dpanvqj0; _ga=GA1.2.1210239889.1423833193; currency=MYR; language=en'
    'CONTENT_LENGTH' => '572'
    'HTTP_CONNECTION' => 'keep-alive'
    'HTTP_ACCEPT' => 'text/html,application/xhtml+xml,application/xml;q=0.9,*/*;q=0.8'
    'HTTP_USER_AGENT' => 'Mozilla/5.0 (Macintosh; Intel Mac OS X 10_10_1) AppleWebKit/600.2.5 (KHTML, like Gecko) Version/8.0.2 Safari/600.2.5'
    'HTTP_REFERER' => 'http://mb.bekazon.com/gii/crud'
    'HTTP_ACCEPT_LANGUAGE' => 'en-us'
    'HTTP_ACCEPT_ENCODING' => 'gzip, deflate'
    'PATH' => '/usr/bin:/bin:/usr/sbin:/sbin'
    'SERVER_SIGNATURE' => ''
    'SERVER_SOFTWARE' => 'Apache/2.4.9 (Unix) PHP/5.5.18'
    'SERVER_NAME' => 'mb.bekazon.com'
    'SERVER_ADDR' => '127.0.0.1'
    'SERVER_PORT' => '80'
    'REMOTE_ADDR' => '127.0.0.1'
    'DOCUMENT_ROOT' => '/Users/Fahmy/Sites/arch1/backend/web'
    'REQUEST_SCHEME' => 'http'
    'CONTEXT_PREFIX' => ''
    'CONTEXT_DOCUMENT_ROOT' => '/Users/Fahmy/Sites/arch1/backend/web'
    'SERVER_ADMIN' => 'you@example.com'
    'SCRIPT_FILENAME' => '/Users/Fahmy/Sites/arch1/backend/web/index.php'
    'REMOTE_PORT' => '54074'
    'REDIRECT_URL' => '/gii/crud'
    'GATEWAY_INTERFACE' => 'CGI/1.1'
    'SERVER_PROTOCOL' => 'HTTP/1.1'
    'REQUEST_METHOD' => 'POST'
    'QUERY_STRING' => ''
    'REQUEST_URI' => '/gii/crud'
    'SCRIPT_NAME' => '/index.php'
    'PHP_SELF' => '/index.php'
    'REQUEST_TIME_FLOAT' => 1424447697.588
    'REQUEST_TIME' => 1424447697
]
2015-02-20 23:57:20 [127.0.0.1][-][-][error][yii\base\UnknownClassException] exception 'yii\base\UnknownClassException' with message 'Unable to find 'vendor\valentinek\behavior\src\ClosureTable' in file: /Users/Fahmy/Sites/arch1/vendor/valentinek/behavior/src/ClosureTable.php. Namespace missing?' in /Users/Fahmy/Sites/arch1/vendor/yiisoft/yii2/BaseYii.php:291
Stack trace:
#0 [internal function]: yii\BaseYii::autoload('vendor\\valentin...')
#1 /Users/Fahmy/Sites/arch1/common/models/Category.php(25): spl_autoload_call('vendor\\valentin...')
#2 /Users/Fahmy/Sites/arch1/vendor/yiisoft/yii2/base/Component.php(643): common\models\Category->behaviors()
#3 /Users/Fahmy/Sites/arch1/vendor/yiisoft/yii2/base/Component.php(526): yii\base\Component->ensureBehaviors()
#4 /Users/Fahmy/Sites/arch1/vendor/yiisoft/yii2/db/BaseActiveRecord.php(828): yii\base\Component->trigger('init')
#5 /Users/Fahmy/Sites/arch1/vendor/yiisoft/yii2/base/Object.php(107): yii\db\BaseActiveRecord->init()
#6 /Users/Fahmy/Sites/arch1/vendor/yiisoft/yii2-gii/generators/crud/Generator.php(357): yii\base\Object->__construct()
#7 /Users/Fahmy/Sites/arch1/vendor/yiisoft/yii2-gii/generators/crud/default/search.php(18): yii\gii\generators\crud\Generator->generateSearchLabels()
#8 /Users/Fahmy/Sites/arch1/vendor/yiisoft/yii2/base/View.php(325): require('/Users/Fahmy/Si...')
#9 /Users/Fahmy/Sites/arch1/vendor/yiisoft/yii2/base/View.php(247): yii\base\View->renderPhpFile('/Users/Fahmy/Si...', Array)
#10 /Users/Fahmy/Sites/arch1/vendor/yiisoft/yii2-gii/Generator.php(317): yii\base\View->renderFile('/Users/Fahmy/Si...', Array, Object(yii\gii\generators\crud\Generator))
#11 /Users/Fahmy/Sites/arch1/vendor/yiisoft/yii2-gii/generators/crud/Generator.php(163): yii\gii\Generator->render('search.php')
#12 /Users/Fahmy/Sites/arch1/vendor/yiisoft/yii2-gii/controllers/DefaultController.php(45): yii\gii\generators\crud\Generator->generate()
#13 [internal function]: yii\gii\controllers\DefaultController->actionView('crud')
#14 /Users/Fahmy/Sites/arch1/vendor/yiisoft/yii2/base/InlineAction.php(55): call_user_func_array(Array, Array)
#15 /Users/Fahmy/Sites/arch1/vendor/yiisoft/yii2/base/Controller.php(151): yii\base\InlineAction->runWithParams(Array)
#16 /Users/Fahmy/Sites/arch1/vendor/yiisoft/yii2/base/Module.php(455): yii\base\Controller->runAction('view', Array)
#17 /Users/Fahmy/Sites/arch1/vendor/yiisoft/yii2/web/Application.php(83): yii\base\Module->runAction('gii/default/vie...', Array)
#18 /Users/Fahmy/Sites/arch1/vendor/yiisoft/yii2/base/Application.php(375): yii\web\Application->handleRequest(Object(yii\web\Request))
#19 /Users/Fahmy/Sites/arch1/backend/web/index.php(18): yii\base\Application->run()
#20 {main}
2015-02-20 23:57:20 [127.0.0.1][-][-][info][application] $_GET = [
    'id' => 'crud'
]

$_POST = [
    '_csrf' => 'VjBKaWhiQzEJUzIoOCkRHAYFLzM/JgVIJQE5UCYvd3QEchMqOQkCYw=='
    'Generator' => [
        'modelClass' => 'common\\models\\Category'
        'searchModelClass' => 'common\\models\\CategorySearch'
        'controllerClass' => 'backend\\controllers\\CategoryController'
        'viewPath' => '/Users/Fahmy/Sites/arch1/backend/views/category'
        'baseControllerClass' => 'yii\\web\\Controller'
        'indexWidgetType' => 'grid'
        'enableI18N' => '1'
        'messageCategory' => 'app'
        'template' => 'default'
    ]
    'preview' => ''
]

$_COOKIE = [
    '_csrf' => 'd5039cb712b12373db85dffe9d6496607af0779f98e0bf2f7567800fb19eaf47s:32:\"_cxAPKR-P5eZWDFys1s9NM4ERBYCQkAR\";'
    'PHPSESSID' => 'g69gpbqvamqlbspso5dpanvqj0'
    '_ga' => 'GA1.2.1210239889.1423833193'
    'currency' => 'MYR'
    'language' => 'en'
]

$_SERVER = [
    'REDIRECT_STATUS' => '200'
    'HTTP_HOST' => 'mb.bekazon.com'
    'CONTENT_TYPE' => 'application/x-www-form-urlencoded'
    'HTTP_ORIGIN' => 'http://mb.bekazon.com'
    'HTTP_COOKIE' => '_csrf=d5039cb712b12373db85dffe9d6496607af0779f98e0bf2f7567800fb19eaf47s%3A32%3A%22_cxAPKR-P5eZWDFys1s9NM4ERBYCQkAR%22%3B; PHPSESSID=g69gpbqvamqlbspso5dpanvqj0; _ga=GA1.2.1210239889.1423833193; currency=MYR; language=en'
    'CONTENT_LENGTH' => '572'
    'HTTP_CONNECTION' => 'keep-alive'
    'HTTP_ACCEPT' => 'text/html,application/xhtml+xml,application/xml;q=0.9,*/*;q=0.8'
    'HTTP_USER_AGENT' => 'Mozilla/5.0 (Macintosh; Intel Mac OS X 10_10_1) AppleWebKit/600.2.5 (KHTML, like Gecko) Version/8.0.2 Safari/600.2.5'
    'HTTP_REFERER' => 'http://mb.bekazon.com/gii/crud'
    'HTTP_ACCEPT_LANGUAGE' => 'en-us'
    'HTTP_ACCEPT_ENCODING' => 'gzip, deflate'
    'PATH' => '/usr/bin:/bin:/usr/sbin:/sbin'
    'SERVER_SIGNATURE' => ''
    'SERVER_SOFTWARE' => 'Apache/2.4.9 (Unix) PHP/5.5.18'
    'SERVER_NAME' => 'mb.bekazon.com'
    'SERVER_ADDR' => '127.0.0.1'
    'SERVER_PORT' => '80'
    'REMOTE_ADDR' => '127.0.0.1'
    'DOCUMENT_ROOT' => '/Users/Fahmy/Sites/arch1/backend/web'
    'REQUEST_SCHEME' => 'http'
    'CONTEXT_PREFIX' => ''
    'CONTEXT_DOCUMENT_ROOT' => '/Users/Fahmy/Sites/arch1/backend/web'
    'SERVER_ADMIN' => 'you@example.com'
    'SCRIPT_FILENAME' => '/Users/Fahmy/Sites/arch1/backend/web/index.php'
    'REMOTE_PORT' => '54077'
    'REDIRECT_URL' => '/gii/crud'
    'GATEWAY_INTERFACE' => 'CGI/1.1'
    'SERVER_PROTOCOL' => 'HTTP/1.1'
    'REQUEST_METHOD' => 'POST'
    'QUERY_STRING' => ''
    'REQUEST_URI' => '/gii/crud'
    'SCRIPT_NAME' => '/index.php'
    'PHP_SELF' => '/index.php'
    'REQUEST_TIME_FLOAT' => 1424447840.274
    'REQUEST_TIME' => 1424447840
]
2015-02-20 23:58:56 [127.0.0.1][-][-][error][yii\base\ErrorException:1] exception 'yii\base\ErrorException' with message 'Class 'vendor\valentinek\behavior\src\ClosureTable' not found' in /Users/Fahmy/Sites/arch1/common/models/Category.php:25
Stack trace:
#0 /Users/Fahmy/Sites/arch1/vendor/yiisoft/yii2/base/Component.php(526): yii\base\Component->ensureBehaviors()
#1 /Users/Fahmy/Sites/arch1/vendor/yiisoft/yii2/db/BaseActiveRecord.php(828): yii\base\Component->trigger()
#2 /Users/Fahmy/Sites/arch1/vendor/yiisoft/yii2/base/Object.php(107): yii\db\BaseActiveRecord->init()
#3 /Users/Fahmy/Sites/arch1/vendor/yiisoft/yii2-gii/generators/crud/Generator.php(357): yii\base\Object->__construct()
#4 /Users/Fahmy/Sites/arch1/vendor/yiisoft/yii2-gii/generators/crud/default/search.php(18): yii\gii\generators\crud\Generator->generateSearchLabels()
#5 /Users/Fahmy/Sites/arch1/vendor/yiisoft/yii2/base/View.php(325): ::unknown()
#6 /Users/Fahmy/Sites/arch1/vendor/yiisoft/yii2/base/View.php(247): yii\base\View->renderPhpFile()
#7 /Users/Fahmy/Sites/arch1/vendor/yiisoft/yii2-gii/Generator.php(317): yii\base\View->renderFile()
#8 /Users/Fahmy/Sites/arch1/vendor/yiisoft/yii2-gii/generators/crud/Generator.php(163): yii\gii\Generator->render()
#9 /Users/Fahmy/Sites/arch1/vendor/yiisoft/yii2-gii/controllers/DefaultController.php(45): yii\gii\generators\crud\Generator->generate()
#10 /Users/Fahmy/Sites/arch1/vendor/yiisoft/yii2/base/InlineAction.php(55): yii\gii\controllers\DefaultController->actionView()
#11 /Users/Fahmy/Sites/arch1/vendor/yiisoft/yii2/base/InlineAction.php(55): ::call_user_func_array:{/Users/Fahmy/Sites/arch1/vendor/yiisoft/yii2/base/InlineAction.php:55}()
#12 /Users/Fahmy/Sites/arch1/vendor/yiisoft/yii2/base/Controller.php(151): yii\base\InlineAction->runWithParams()
#13 /Users/Fahmy/Sites/arch1/vendor/yiisoft/yii2/base/Module.php(455): yii\base\Controller->runAction()
#14 /Users/Fahmy/Sites/arch1/vendor/yiisoft/yii2/web/Application.php(83): yii\base\Module->runAction()
#15 /Users/Fahmy/Sites/arch1/vendor/yiisoft/yii2/base/Application.php(375): yii\web\Application->handleRequest()
#16 /Users/Fahmy/Sites/arch1/backend/web/index.php(18): yii\base\Application->run()
#17 {main}
2015-02-20 23:58:56 [127.0.0.1][-][-][info][application] $_GET = [
    'id' => 'crud'
]

$_POST = [
    '_csrf' => 'VjBKaWhiQzEJUzIoOCkRHAYFLzM/JgVIJQE5UCYvd3QEchMqOQkCYw=='
    'Generator' => [
        'modelClass' => 'common\\models\\Category'
        'searchModelClass' => 'common\\models\\CategorySearch'
        'controllerClass' => 'backend\\controllers\\CategoryController'
        'viewPath' => '/Users/Fahmy/Sites/arch1/backend/views/category'
        'baseControllerClass' => 'yii\\web\\Controller'
        'indexWidgetType' => 'grid'
        'enableI18N' => '1'
        'messageCategory' => 'app'
        'template' => 'default'
    ]
    'preview' => ''
]

$_COOKIE = [
    '_csrf' => 'd5039cb712b12373db85dffe9d6496607af0779f98e0bf2f7567800fb19eaf47s:32:\"_cxAPKR-P5eZWDFys1s9NM4ERBYCQkAR\";'
    'PHPSESSID' => 'g69gpbqvamqlbspso5dpanvqj0'
    '_ga' => 'GA1.2.1210239889.1423833193'
    'currency' => 'MYR'
    'language' => 'en'
]

$_SERVER = [
    'REDIRECT_STATUS' => '200'
    'HTTP_HOST' => 'mb.bekazon.com'
    'CONTENT_TYPE' => 'application/x-www-form-urlencoded'
    'HTTP_ORIGIN' => 'http://mb.bekazon.com'
    'HTTP_COOKIE' => '_csrf=d5039cb712b12373db85dffe9d6496607af0779f98e0bf2f7567800fb19eaf47s%3A32%3A%22_cxAPKR-P5eZWDFys1s9NM4ERBYCQkAR%22%3B; PHPSESSID=g69gpbqvamqlbspso5dpanvqj0; _ga=GA1.2.1210239889.1423833193; currency=MYR; language=en'
    'CONTENT_LENGTH' => '572'
    'HTTP_CONNECTION' => 'keep-alive'
    'HTTP_ACCEPT' => 'text/html,application/xhtml+xml,application/xml;q=0.9,*/*;q=0.8'
    'HTTP_USER_AGENT' => 'Mozilla/5.0 (Macintosh; Intel Mac OS X 10_10_1) AppleWebKit/600.2.5 (KHTML, like Gecko) Version/8.0.2 Safari/600.2.5'
    'HTTP_REFERER' => 'http://mb.bekazon.com/gii/crud'
    'HTTP_ACCEPT_LANGUAGE' => 'en-us'
    'HTTP_ACCEPT_ENCODING' => 'gzip, deflate'
    'PATH' => '/usr/bin:/bin:/usr/sbin:/sbin'
    'SERVER_SIGNATURE' => ''
    'SERVER_SOFTWARE' => 'Apache/2.4.9 (Unix) PHP/5.5.18'
    'SERVER_NAME' => 'mb.bekazon.com'
    'SERVER_ADDR' => '127.0.0.1'
    'SERVER_PORT' => '80'
    'REMOTE_ADDR' => '127.0.0.1'
    'DOCUMENT_ROOT' => '/Users/Fahmy/Sites/arch1/backend/web'
    'REQUEST_SCHEME' => 'http'
    'CONTEXT_PREFIX' => ''
    'CONTEXT_DOCUMENT_ROOT' => '/Users/Fahmy/Sites/arch1/backend/web'
    'SERVER_ADMIN' => 'you@example.com'
    'SCRIPT_FILENAME' => '/Users/Fahmy/Sites/arch1/backend/web/index.php'
    'REMOTE_PORT' => '54084'
    'REDIRECT_URL' => '/gii/crud'
    'GATEWAY_INTERFACE' => 'CGI/1.1'
    'SERVER_PROTOCOL' => 'HTTP/1.1'
    'REQUEST_METHOD' => 'POST'
    'QUERY_STRING' => ''
    'REQUEST_URI' => '/gii/crud'
    'SCRIPT_NAME' => '/index.php'
    'PHP_SELF' => '/index.php'
    'REQUEST_TIME_FLOAT' => 1424447936.798
    'REQUEST_TIME' => 1424447936
]
2015-02-21 00:00:11 [127.0.0.1][-][-][error][yii\base\UnknownClassException] exception 'yii\base\UnknownClassException' with message 'Unable to find 'vendor\valentinek\behaviors\src\ClosureTable' in file: /Users/Fahmy/Sites/arch1/vendor/valentinek/behaviors/src/ClosureTable.php. Namespace missing?' in /Users/Fahmy/Sites/arch1/vendor/yiisoft/yii2/BaseYii.php:291
Stack trace:
#0 [internal function]: yii\BaseYii::autoload('vendor\\valentin...')
#1 /Users/Fahmy/Sites/arch1/common/models/Category.php(25): spl_autoload_call('vendor\\valentin...')
#2 /Users/Fahmy/Sites/arch1/vendor/yiisoft/yii2/base/Component.php(643): common\models\Category->behaviors()
#3 /Users/Fahmy/Sites/arch1/vendor/yiisoft/yii2/base/Component.php(526): yii\base\Component->ensureBehaviors()
#4 /Users/Fahmy/Sites/arch1/vendor/yiisoft/yii2/db/BaseActiveRecord.php(828): yii\base\Component->trigger('init')
#5 /Users/Fahmy/Sites/arch1/vendor/yiisoft/yii2/base/Object.php(107): yii\db\BaseActiveRecord->init()
#6 /Users/Fahmy/Sites/arch1/vendor/yiisoft/yii2-gii/generators/crud/Generator.php(357): yii\base\Object->__construct()
#7 /Users/Fahmy/Sites/arch1/vendor/yiisoft/yii2-gii/generators/crud/default/search.php(18): yii\gii\generators\crud\Generator->generateSearchLabels()
#8 /Users/Fahmy/Sites/arch1/vendor/yiisoft/yii2/base/View.php(325): require('/Users/Fahmy/Si...')
#9 /Users/Fahmy/Sites/arch1/vendor/yiisoft/yii2/base/View.php(247): yii\base\View->renderPhpFile('/Users/Fahmy/Si...', Array)
#10 /Users/Fahmy/Sites/arch1/vendor/yiisoft/yii2-gii/Generator.php(317): yii\base\View->renderFile('/Users/Fahmy/Si...', Array, Object(yii\gii\generators\crud\Generator))
#11 /Users/Fahmy/Sites/arch1/vendor/yiisoft/yii2-gii/generators/crud/Generator.php(163): yii\gii\Generator->render('search.php')
#12 /Users/Fahmy/Sites/arch1/vendor/yiisoft/yii2-gii/controllers/DefaultController.php(45): yii\gii\generators\crud\Generator->generate()
#13 [internal function]: yii\gii\controllers\DefaultController->actionView('crud')
#14 /Users/Fahmy/Sites/arch1/vendor/yiisoft/yii2/base/InlineAction.php(55): call_user_func_array(Array, Array)
#15 /Users/Fahmy/Sites/arch1/vendor/yiisoft/yii2/base/Controller.php(151): yii\base\InlineAction->runWithParams(Array)
#16 /Users/Fahmy/Sites/arch1/vendor/yiisoft/yii2/base/Module.php(455): yii\base\Controller->runAction('view', Array)
#17 /Users/Fahmy/Sites/arch1/vendor/yiisoft/yii2/web/Application.php(83): yii\base\Module->runAction('gii/default/vie...', Array)
#18 /Users/Fahmy/Sites/arch1/vendor/yiisoft/yii2/base/Application.php(375): yii\web\Application->handleRequest(Object(yii\web\Request))
#19 /Users/Fahmy/Sites/arch1/backend/web/index.php(18): yii\base\Application->run()
#20 {main}
2015-02-21 00:00:11 [127.0.0.1][-][-][info][application] $_GET = [
    'id' => 'crud'
]

$_POST = [
    '_csrf' => 'VjBKaWhiQzEJUzIoOCkRHAYFLzM/JgVIJQE5UCYvd3QEchMqOQkCYw=='
    'Generator' => [
        'modelClass' => 'common\\models\\Category'
        'searchModelClass' => 'common\\models\\CategorySearch'
        'controllerClass' => 'backend\\controllers\\CategoryController'
        'viewPath' => '/Users/Fahmy/Sites/arch1/backend/views/category'
        'baseControllerClass' => 'yii\\web\\Controller'
        'indexWidgetType' => 'grid'
        'enableI18N' => '1'
        'messageCategory' => 'app'
        'template' => 'default'
    ]
    'preview' => ''
]

$_COOKIE = [
    '_csrf' => 'd5039cb712b12373db85dffe9d6496607af0779f98e0bf2f7567800fb19eaf47s:32:\"_cxAPKR-P5eZWDFys1s9NM4ERBYCQkAR\";'
    'PHPSESSID' => 'g69gpbqvamqlbspso5dpanvqj0'
    '_ga' => 'GA1.2.1210239889.1423833193'
    'currency' => 'MYR'
    'language' => 'en'
]

$_SERVER = [
    'REDIRECT_STATUS' => '200'
    'HTTP_HOST' => 'mb.bekazon.com'
    'CONTENT_TYPE' => 'application/x-www-form-urlencoded'
    'HTTP_ORIGIN' => 'http://mb.bekazon.com'
    'HTTP_COOKIE' => '_csrf=d5039cb712b12373db85dffe9d6496607af0779f98e0bf2f7567800fb19eaf47s%3A32%3A%22_cxAPKR-P5eZWDFys1s9NM4ERBYCQkAR%22%3B; PHPSESSID=g69gpbqvamqlbspso5dpanvqj0; _ga=GA1.2.1210239889.1423833193; currency=MYR; language=en'
    'CONTENT_LENGTH' => '572'
    'HTTP_CONNECTION' => 'keep-alive'
    'HTTP_ACCEPT' => 'text/html,application/xhtml+xml,application/xml;q=0.9,*/*;q=0.8'
    'HTTP_USER_AGENT' => 'Mozilla/5.0 (Macintosh; Intel Mac OS X 10_10_1) AppleWebKit/600.2.5 (KHTML, like Gecko) Version/8.0.2 Safari/600.2.5'
    'HTTP_REFERER' => 'http://mb.bekazon.com/gii/crud'
    'HTTP_ACCEPT_LANGUAGE' => 'en-us'
    'HTTP_ACCEPT_ENCODING' => 'gzip, deflate'
    'PATH' => '/usr/bin:/bin:/usr/sbin:/sbin'
    'SERVER_SIGNATURE' => ''
    'SERVER_SOFTWARE' => 'Apache/2.4.9 (Unix) PHP/5.5.18'
    'SERVER_NAME' => 'mb.bekazon.com'
    'SERVER_ADDR' => '127.0.0.1'
    'SERVER_PORT' => '80'
    'REMOTE_ADDR' => '127.0.0.1'
    'DOCUMENT_ROOT' => '/Users/Fahmy/Sites/arch1/backend/web'
    'REQUEST_SCHEME' => 'http'
    'CONTEXT_PREFIX' => ''
    'CONTEXT_DOCUMENT_ROOT' => '/Users/Fahmy/Sites/arch1/backend/web'
    'SERVER_ADMIN' => 'you@example.com'
    'SCRIPT_FILENAME' => '/Users/Fahmy/Sites/arch1/backend/web/index.php'
    'REMOTE_PORT' => '54085'
    'REDIRECT_URL' => '/gii/crud'
    'GATEWAY_INTERFACE' => 'CGI/1.1'
    'SERVER_PROTOCOL' => 'HTTP/1.1'
    'REQUEST_METHOD' => 'POST'
    'QUERY_STRING' => ''
    'REQUEST_URI' => '/gii/crud'
    'SCRIPT_NAME' => '/index.php'
    'PHP_SELF' => '/index.php'
    'REQUEST_TIME_FLOAT' => 1424448011.112
    'REQUEST_TIME' => 1424448011
]
2015-02-21 11:14:28 [127.0.0.1][-][-][error][yii\base\ErrorException:256] exception 'yii\base\ErrorException' with message 'Exception (Unknown Property) 'yii\base\UnknownPropertyException' with message 'Setting unknown property: yii\validators\BooleanValidator::0' 

in /Users/Fahmy/Sites/arch1/vendor/yiisoft/yii2/base/Component.php:197

Stack trace:
#0 /Users/Fahmy/Sites/arch1/vendor/yiisoft/yii2/BaseYii.php(518): yii\base\Component->__set('0', 'safe')
#1 /Users/Fahmy/Sites/arch1/vendor/yiisoft/yii2/base/Object.php(105): yii\BaseYii::configure(Object(yii\validators\BooleanValidator), Array)
#2 [internal function]: yii\base\Object->__construct(Array)
#3 /Users/Fahmy/Sites/arch1/vendor/yiisoft/yii2/di/Container.php(368): ReflectionClass->newInstanceArgs(Array)
#4 /Users/Fahmy/Sites/arch1/vendor/yiisoft/yii2/di/Container.php(147): yii\di\Container->build('yii\\validators\\...', Array, Array)
#5 /Users/Fahmy/Sites/arch1/vendor/yiisoft/yii2/BaseYii.php(344): yii\di\Container->get('yii\\validators\\...', Array, Array)
#6 /Users/Fahmy/Sites/arch1/vendor/yiisoft/yii2/validators/Validator.php(204): yii\BaseYii::createObject(Array)
#7 /Users/Fahmy/Sites/arch1/vendor/yiisoft/yii2/base/Model.php(422): yii\validators\Validator::createValidator('boolean', Object(common\models\Category), Array, Array)
#8 /Users/Fahmy/Sites/arch1/vendor/yiisoft/yii2/base/Model.php(386): yii\base\Model->createValidators()
#9 /Users/Fahmy/Sites/arch1/vendor/yiisoft/yii2/base/Model.php(184): yii\base\Model->getValidators()
#10 /Users/Fahmy/Sites/arch1/vendor/yiisoft/yii2/base/Model.php(736): yii\base\Model->scenarios()
#11 /Users/Fahmy/Sites/arch1/vendor/yiisoft/yii2/widgets/ActiveField.php(740): yii\base\Model->activeAttributes()
#12 /Users/Fahmy/Sites/arch1/vendor/yiisoft/yii2/widgets/ActiveField.php(210): yii\widgets\ActiveField->getClientOptions()
#13 /Users/Fahmy/Sites/arch1/vendor/yiisoft/yii2/widgets/ActiveField.php(200): yii\widgets\ActiveField->begin()
#14 /Users/Fahmy/Sites/arch1/vendor/yiisoft/yii2/widgets/ActiveField.php(156): yii\widgets\ActiveField->render()
#15 /Users/Fahmy/Sites/arch1/backend/views/category/_form.php(15): yii\widgets\ActiveField->__toString()
#16 /Users/Fahmy/Sites/arch1/vendor/yiisoft/yii2/base/View.php(325): require('/Users/Fahmy/Si...')
#17 /Users/Fahmy/Sites/arch1/vendor/yiisoft/yii2/base/View.php(247): yii\base\View->renderPhpFile('/Users/Fahmy/Si...', Array)
#18 /Users/Fahmy/Sites/arch1/vendor/yiisoft/yii2/base/View.php(149): yii\base\View->renderFile('/Users/Fahmy/Si...', Array, NULL)
#19 /Users/Fahmy/Sites/arch1/backend/views/category/create.php(21): yii\base\View->render('_form', Array)
#20 /Users/Fahmy/Sites/arch1/vendor/yiisoft/yii2/base/View.php(325): require('/Users/Fahmy/Si...')
#21 /Users/Fahmy/Sites/arch1/vendor/yiisoft/yii2/base/View.php(247): yii\base\View->renderPhpFile('/Users/Fahmy/Si...', Array)
#22 /Users/Fahmy/Sites/arch1/vendor/yiisoft/yii2/base/View.php(149): yii\base\View->renderFile('/Users/Fahmy/Si...', Array, Object(backend\controllers\CategoryController))
#23 /Users/Fahmy/Sites/arch1/vendor/yiisoft/yii2/base/Controller.php(367): yii\base\View->render('create', Array, Object(backend\controllers\CategoryController))
#24 /Users/Fahmy/Sites/arch1/backend/controllers/CategoryController.php(78): yii\base\Controller->render('create', Array)
#25 [internal function]: backend\controllers\CategoryController->actionCreate()
#26 /Users/Fahmy/Sites/arch1/vendor/yiisoft/yii2/base/InlineAction.php(55): call_user_func_array(Array, Array)
#27 /Users/Fahmy/Sites/arch1/vendor/yiisoft/yii2/base/Controller.php(151): yii\base\InlineAction->runWithParams(Array)
#28 /Users/Fahmy/Sites/arch1/vendor/yiisoft/yii2/base/Module.php(455): yii\base\Controller->runAction('create', Array)
#29 /Users/Fahmy/Sites/arch1/vendor/yiisoft/yii2/web/Application.php(83): yii\base\Module->runAction('category/create', Array)
#30 /Users/Fahmy/Sites/arch1/vendor/yiisoft/yii2/base/Application.php(375): yii\web\Application->handleRequest(Object(yii\web\Request))
#31 /Users/Fahmy/Sites/arch1/backend/web/index.php(18): yii\base\Application->run()
#32 {main}' in /Users/Fahmy/Sites/arch1/vendor/yiisoft/yii2/base/ErrorHandler.php:233
Stack trace:
#0 /Users/Fahmy/Sites/arch1/vendor/yiisoft/yii2/widgets/ActiveField.php(158): yii\base\ErrorHandler::convertExceptionToError()
#1 /Users/Fahmy/Sites/arch1/vendor/yiisoft/yii2/base/View.php(15): yii\widgets\ActiveField->__toString()
#2 /Users/Fahmy/Sites/arch1/vendor/yiisoft/yii2/base/View.php(325): ::unknown()
#3 /Users/Fahmy/Sites/arch1/vendor/yiisoft/yii2/base/View.php(247): yii\base\View->renderPhpFile()
#4 /Users/Fahmy/Sites/arch1/vendor/yiisoft/yii2/base/View.php(149): yii\base\View->renderFile()
#5 /Users/Fahmy/Sites/arch1/backend/views/category/create.php(21): yii\base\View->render()
#6 /Users/Fahmy/Sites/arch1/vendor/yiisoft/yii2/base/View.php(325): ::unknown()
#7 /Users/Fahmy/Sites/arch1/vendor/yiisoft/yii2/base/View.php(247): yii\base\View->renderPhpFile()
#8 /Users/Fahmy/Sites/arch1/vendor/yiisoft/yii2/base/View.php(149): yii\base\View->renderFile()
#9 /Users/Fahmy/Sites/arch1/vendor/yiisoft/yii2/base/Controller.php(367): yii\base\View->render()
#10 /Users/Fahmy/Sites/arch1/backend/controllers/CategoryController.php(78): yii\base\Controller->render()
#11 /Users/Fahmy/Sites/arch1/vendor/yiisoft/yii2/base/InlineAction.php(55): backend\controllers\CategoryController->actionCreate()
#12 /Users/Fahmy/Sites/arch1/vendor/yiisoft/yii2/base/InlineAction.php(55): ::call_user_func_array:{/Users/Fahmy/Sites/arch1/vendor/yiisoft/yii2/base/InlineAction.php:55}()
#13 /Users/Fahmy/Sites/arch1/vendor/yiisoft/yii2/base/Controller.php(151): yii\base\InlineAction->runWithParams()
#14 /Users/Fahmy/Sites/arch1/vendor/yiisoft/yii2/base/Module.php(455): yii\base\Controller->runAction()
#15 /Users/Fahmy/Sites/arch1/vendor/yiisoft/yii2/web/Application.php(83): yii\base\Module->runAction()
#16 /Users/Fahmy/Sites/arch1/vendor/yiisoft/yii2/base/Application.php(375): yii\web\Application->handleRequest()
#17 /Users/Fahmy/Sites/arch1/backend/web/index.php(18): yii\base\Application->run()
#18 {main}
    in /Users/Fahmy/Sites/arch1/backend/views/category/_form.php:15
    in /Users/Fahmy/Sites/arch1/backend/views/category/create.php:21
    in /Users/Fahmy/Sites/arch1/backend/controllers/CategoryController.php:78
2015-02-21 11:14:28 [127.0.0.1][-][-][info][application] $_COOKIE = [
    '_csrf' => 'd5039cb712b12373db85dffe9d6496607af0779f98e0bf2f7567800fb19eaf47s:32:\"_cxAPKR-P5eZWDFys1s9NM4ERBYCQkAR\";'
    '_identity' => '3848c9318a0eff59c11f38d3caa6ae001e87bd11cbad2e66278cc3610f5f9195s:46:\"[3,\"YdmiMoyrG9XiiUS0-GQnHqIRD9FCnK7n\",2592000]\";'
    'PHPSESSID' => 'cot5jcgt44sd6k9vpsva2gf877'
    '_ga' => 'GA1.2.1210239889.1423833193'
    'currency' => 'MYR'
    'language' => 'en'
]

$_SERVER = [
    'REDIRECT_STATUS' => '200'
    'HTTP_HOST' => 'mb.bekazon.com'
    'HTTP_ACCEPT' => 'text/html,application/xhtml+xml,application/xml;q=0.9,*/*;q=0.8'
    'HTTP_CONNECTION' => 'keep-alive'
    'HTTP_COOKIE' => '_csrf=d5039cb712b12373db85dffe9d6496607af0779f98e0bf2f7567800fb19eaf47s%3A32%3A%22_cxAPKR-P5eZWDFys1s9NM4ERBYCQkAR%22%3B; _identity=3848c9318a0eff59c11f38d3caa6ae001e87bd11cbad2e66278cc3610f5f9195s%3A46%3A%22%5B3%2C%22YdmiMoyrG9XiiUS0-GQnHqIRD9FCnK7n%22%2C2592000%5D%22%3B; PHPSESSID=cot5jcgt44sd6k9vpsva2gf877; _ga=GA1.2.1210239889.1423833193; currency=MYR; language=en'
    'HTTP_USER_AGENT' => 'Mozilla/5.0 (Macintosh; Intel Mac OS X 10_10_1) AppleWebKit/600.2.5 (KHTML, like Gecko) Version/8.0.2 Safari/600.2.5'
    'HTTP_ACCEPT_LANGUAGE' => 'en-us'
    'HTTP_REFERER' => 'http://mb.bekazon.com/category/index'
    'HTTP_ACCEPT_ENCODING' => 'gzip, deflate'
    'PATH' => '/usr/bin:/bin:/usr/sbin:/sbin'
    'SERVER_SIGNATURE' => ''
    'SERVER_SOFTWARE' => 'Apache/2.4.9 (Unix) PHP/5.5.18'
    'SERVER_NAME' => 'mb.bekazon.com'
    'SERVER_ADDR' => '127.0.0.1'
    'SERVER_PORT' => '80'
    'REMOTE_ADDR' => '127.0.0.1'
    'DOCUMENT_ROOT' => '/Users/Fahmy/Sites/arch1/backend/web'
    'REQUEST_SCHEME' => 'http'
    'CONTEXT_PREFIX' => ''
    'CONTEXT_DOCUMENT_ROOT' => '/Users/Fahmy/Sites/arch1/backend/web'
    'SERVER_ADMIN' => 'you@example.com'
    'SCRIPT_FILENAME' => '/Users/Fahmy/Sites/arch1/backend/web/index.php'
    'REMOTE_PORT' => '54155'
    'REDIRECT_URL' => '/category/create'
    'GATEWAY_INTERFACE' => 'CGI/1.1'
    'SERVER_PROTOCOL' => 'HTTP/1.1'
    'REQUEST_METHOD' => 'GET'
    'QUERY_STRING' => ''
    'REQUEST_URI' => '/category/create'
    'SCRIPT_NAME' => '/index.php'
    'PHP_SELF' => '/index.php'
    'REQUEST_TIME_FLOAT' => 1424488468.132
    'REQUEST_TIME' => 1424488468
]
2015-02-21 11:14:58 [127.0.0.1][-][-][error][yii\base\ErrorException:256] exception 'yii\base\ErrorException' with message 'Exception (Unknown Property) 'yii\base\UnknownPropertyException' with message 'Setting unknown property: yii\validators\BooleanValidator::0' 

in /Users/Fahmy/Sites/arch1/vendor/yiisoft/yii2/base/Component.php:197

Stack trace:
#0 /Users/Fahmy/Sites/arch1/vendor/yiisoft/yii2/BaseYii.php(518): yii\base\Component->__set('0', 'safe')
#1 /Users/Fahmy/Sites/arch1/vendor/yiisoft/yii2/base/Object.php(105): yii\BaseYii::configure(Object(yii\validators\BooleanValidator), Array)
#2 [internal function]: yii\base\Object->__construct(Array)
#3 /Users/Fahmy/Sites/arch1/vendor/yiisoft/yii2/di/Container.php(368): ReflectionClass->newInstanceArgs(Array)
#4 /Users/Fahmy/Sites/arch1/vendor/yiisoft/yii2/di/Container.php(147): yii\di\Container->build('yii\\validators\\...', Array, Array)
#5 /Users/Fahmy/Sites/arch1/vendor/yiisoft/yii2/BaseYii.php(344): yii\di\Container->get('yii\\validators\\...', Array, Array)
#6 /Users/Fahmy/Sites/arch1/vendor/yiisoft/yii2/validators/Validator.php(204): yii\BaseYii::createObject(Array)
#7 /Users/Fahmy/Sites/arch1/vendor/yiisoft/yii2/base/Model.php(422): yii\validators\Validator::createValidator('boolean', Object(common\models\Category), Array, Array)
#8 /Users/Fahmy/Sites/arch1/vendor/yiisoft/yii2/base/Model.php(386): yii\base\Model->createValidators()
#9 /Users/Fahmy/Sites/arch1/vendor/yiisoft/yii2/base/Model.php(184): yii\base\Model->getValidators()
#10 /Users/Fahmy/Sites/arch1/vendor/yiisoft/yii2/base/Model.php(736): yii\base\Model->scenarios()
#11 /Users/Fahmy/Sites/arch1/vendor/yiisoft/yii2/widgets/ActiveField.php(740): yii\base\Model->activeAttributes()
#12 /Users/Fahmy/Sites/arch1/vendor/yiisoft/yii2/widgets/ActiveField.php(210): yii\widgets\ActiveField->getClientOptions()
#13 /Users/Fahmy/Sites/arch1/vendor/yiisoft/yii2/widgets/ActiveField.php(200): yii\widgets\ActiveField->begin()
#14 /Users/Fahmy/Sites/arch1/vendor/yiisoft/yii2/widgets/ActiveField.php(156): yii\widgets\ActiveField->render()
#15 /Users/Fahmy/Sites/arch1/backend/views/category/_form.php(15): yii\widgets\ActiveField->__toString()
#16 /Users/Fahmy/Sites/arch1/vendor/yiisoft/yii2/base/View.php(325): require('/Users/Fahmy/Si...')
#17 /Users/Fahmy/Sites/arch1/vendor/yiisoft/yii2/base/View.php(247): yii\base\View->renderPhpFile('/Users/Fahmy/Si...', Array)
#18 /Users/Fahmy/Sites/arch1/vendor/yiisoft/yii2/base/View.php(149): yii\base\View->renderFile('/Users/Fahmy/Si...', Array, NULL)
#19 /Users/Fahmy/Sites/arch1/backend/views/category/create.php(21): yii\base\View->render('_form', Array)
#20 /Users/Fahmy/Sites/arch1/vendor/yiisoft/yii2/base/View.php(325): require('/Users/Fahmy/Si...')
#21 /Users/Fahmy/Sites/arch1/vendor/yiisoft/yii2/base/View.php(247): yii\base\View->renderPhpFile('/Users/Fahmy/Si...', Array)
#22 /Users/Fahmy/Sites/arch1/vendor/yiisoft/yii2/base/View.php(149): yii\base\View->renderFile('/Users/Fahmy/Si...', Array, Object(backend\controllers\CategoryController))
#23 /Users/Fahmy/Sites/arch1/vendor/yiisoft/yii2/base/Controller.php(367): yii\base\View->render('create', Array, Object(backend\controllers\CategoryController))
#24 /Users/Fahmy/Sites/arch1/backend/controllers/CategoryController.php(78): yii\base\Controller->render('create', Array)
#25 [internal function]: backend\controllers\CategoryController->actionCreate()
#26 /Users/Fahmy/Sites/arch1/vendor/yiisoft/yii2/base/InlineAction.php(55): call_user_func_array(Array, Array)
#27 /Users/Fahmy/Sites/arch1/vendor/yiisoft/yii2/base/Controller.php(151): yii\base\InlineAction->runWithParams(Array)
#28 /Users/Fahmy/Sites/arch1/vendor/yiisoft/yii2/base/Module.php(455): yii\base\Controller->runAction('create', Array)
#29 /Users/Fahmy/Sites/arch1/vendor/yiisoft/yii2/web/Application.php(83): yii\base\Module->runAction('category/create', Array)
#30 /Users/Fahmy/Sites/arch1/vendor/yiisoft/yii2/base/Application.php(375): yii\web\Application->handleRequest(Object(yii\web\Request))
#31 /Users/Fahmy/Sites/arch1/backend/web/index.php(18): yii\base\Application->run()
#32 {main}' in /Users/Fahmy/Sites/arch1/vendor/yiisoft/yii2/base/ErrorHandler.php:233
Stack trace:
#0 /Users/Fahmy/Sites/arch1/vendor/yiisoft/yii2/widgets/ActiveField.php(158): yii\base\ErrorHandler::convertExceptionToError()
#1 /Users/Fahmy/Sites/arch1/vendor/yiisoft/yii2/base/View.php(15): yii\widgets\ActiveField->__toString()
#2 /Users/Fahmy/Sites/arch1/vendor/yiisoft/yii2/base/View.php(325): ::unknown()
#3 /Users/Fahmy/Sites/arch1/vendor/yiisoft/yii2/base/View.php(247): yii\base\View->renderPhpFile()
#4 /Users/Fahmy/Sites/arch1/vendor/yiisoft/yii2/base/View.php(149): yii\base\View->renderFile()
#5 /Users/Fahmy/Sites/arch1/backend/views/category/create.php(21): yii\base\View->render()
#6 /Users/Fahmy/Sites/arch1/vendor/yiisoft/yii2/base/View.php(325): ::unknown()
#7 /Users/Fahmy/Sites/arch1/vendor/yiisoft/yii2/base/View.php(247): yii\base\View->renderPhpFile()
#8 /Users/Fahmy/Sites/arch1/vendor/yiisoft/yii2/base/View.php(149): yii\base\View->renderFile()
#9 /Users/Fahmy/Sites/arch1/vendor/yiisoft/yii2/base/Controller.php(367): yii\base\View->render()
#10 /Users/Fahmy/Sites/arch1/backend/controllers/CategoryController.php(78): yii\base\Controller->render()
#11 /Users/Fahmy/Sites/arch1/vendor/yiisoft/yii2/base/InlineAction.php(55): backend\controllers\CategoryController->actionCreate()
#12 /Users/Fahmy/Sites/arch1/vendor/yiisoft/yii2/base/InlineAction.php(55): ::call_user_func_array:{/Users/Fahmy/Sites/arch1/vendor/yiisoft/yii2/base/InlineAction.php:55}()
#13 /Users/Fahmy/Sites/arch1/vendor/yiisoft/yii2/base/Controller.php(151): yii\base\InlineAction->runWithParams()
#14 /Users/Fahmy/Sites/arch1/vendor/yiisoft/yii2/base/Module.php(455): yii\base\Controller->runAction()
#15 /Users/Fahmy/Sites/arch1/vendor/yiisoft/yii2/web/Application.php(83): yii\base\Module->runAction()
#16 /Users/Fahmy/Sites/arch1/vendor/yiisoft/yii2/base/Application.php(375): yii\web\Application->handleRequest()
#17 /Users/Fahmy/Sites/arch1/backend/web/index.php(18): yii\base\Application->run()
#18 {main}
    in /Users/Fahmy/Sites/arch1/backend/views/category/_form.php:15
    in /Users/Fahmy/Sites/arch1/backend/views/category/create.php:21
    in /Users/Fahmy/Sites/arch1/backend/controllers/CategoryController.php:78
2015-02-21 11:14:57 [127.0.0.1][-][-][info][application] $_COOKIE = [
    '_csrf' => 'd5039cb712b12373db85dffe9d6496607af0779f98e0bf2f7567800fb19eaf47s:32:\"_cxAPKR-P5eZWDFys1s9NM4ERBYCQkAR\";'
    '_identity' => '3848c9318a0eff59c11f38d3caa6ae001e87bd11cbad2e66278cc3610f5f9195s:46:\"[3,\"YdmiMoyrG9XiiUS0-GQnHqIRD9FCnK7n\",2592000]\";'
    'PHPSESSID' => 'cot5jcgt44sd6k9vpsva2gf877'
    '_ga' => 'GA1.2.1210239889.1423833193'
    'currency' => 'MYR'
    'language' => 'en'
]

$_SERVER = [
    'REDIRECT_STATUS' => '200'
    'HTTP_HOST' => 'mb.bekazon.com'
    'HTTP_ACCEPT_ENCODING' => 'gzip, deflate'
    'HTTP_COOKIE' => '_csrf=d5039cb712b12373db85dffe9d6496607af0779f98e0bf2f7567800fb19eaf47s%3A32%3A%22_cxAPKR-P5eZWDFys1s9NM4ERBYCQkAR%22%3B; _identity=3848c9318a0eff59c11f38d3caa6ae001e87bd11cbad2e66278cc3610f5f9195s%3A46%3A%22%5B3%2C%22YdmiMoyrG9XiiUS0-GQnHqIRD9FCnK7n%22%2C2592000%5D%22%3B; PHPSESSID=cot5jcgt44sd6k9vpsva2gf877; _ga=GA1.2.1210239889.1423833193; currency=MYR; language=en'
    'HTTP_CONNECTION' => 'keep-alive'
    'HTTP_ACCEPT' => 'text/html,application/xhtml+xml,application/xml;q=0.9,*/*;q=0.8'
    'HTTP_USER_AGENT' => 'Mozilla/5.0 (Macintosh; Intel Mac OS X 10_10_1) AppleWebKit/600.2.5 (KHTML, like Gecko) Version/8.0.2 Safari/600.2.5'
    'HTTP_ACCEPT_LANGUAGE' => 'en-us'
    'HTTP_REFERER' => 'http://mb.bekazon.com/category/index'
    'HTTP_CACHE_CONTROL' => 'max-age=0'
    'PATH' => '/usr/bin:/bin:/usr/sbin:/sbin'
    'SERVER_SIGNATURE' => ''
    'SERVER_SOFTWARE' => 'Apache/2.4.9 (Unix) PHP/5.5.18'
    'SERVER_NAME' => 'mb.bekazon.com'
    'SERVER_ADDR' => '127.0.0.1'
    'SERVER_PORT' => '80'
    'REMOTE_ADDR' => '127.0.0.1'
    'DOCUMENT_ROOT' => '/Users/Fahmy/Sites/arch1/backend/web'
    'REQUEST_SCHEME' => 'http'
    'CONTEXT_PREFIX' => ''
    'CONTEXT_DOCUMENT_ROOT' => '/Users/Fahmy/Sites/arch1/backend/web'
    'SERVER_ADMIN' => 'you@example.com'
    'SCRIPT_FILENAME' => '/Users/Fahmy/Sites/arch1/backend/web/index.php'
    'REMOTE_PORT' => '54156'
    'REDIRECT_URL' => '/category/create'
    'GATEWAY_INTERFACE' => 'CGI/1.1'
    'SERVER_PROTOCOL' => 'HTTP/1.1'
    'REQUEST_METHOD' => 'GET'
    'QUERY_STRING' => ''
    'REQUEST_URI' => '/category/create'
    'SCRIPT_NAME' => '/index.php'
    'PHP_SELF' => '/index.php'
    'REQUEST_TIME_FLOAT' => 1424488497.955
    'REQUEST_TIME' => 1424488497
]
